\BOOKMARK [1][-]{section.1}{\376\377\000S\000t\000r\000e\000s\000z\000c\000z\000e\000n\000i\000e}{}% 1
\BOOKMARK [1][-]{section.2}{\376\377\000W\000s\000t\001\031\000p}{}% 2
\BOOKMARK [1][-]{section.3}{\376\377\000A\000n\000a\000l\000i\000z\000a\000\040\000p\000o\000r\000\363\000w\000n\000a\000w\000c\000z\000a\000\040\000c\000e\000c\000h\000\040\000w\000y\000b\000r\000a\000n\000y\000c\000h\000\040\000a\000p\000l\000i\000k\000a\000c\000j\000i\000\040\000m\000o\000b\000i\000l\000n\000y\000c\000h\000\040\000u\000m\000o\001\174\000l\000i\000w\000i\000a\000j\001\005\000c\000y\000c\000h\000\040\000k\000o\000r\000z\000y\000s\000t\000a\000n\000i\000e\000\040\000z\000\040\000m\000a\000p}{}% 3
\BOOKMARK [2][-]{subsection.3.1}{\376\377\000P\000l\000a\000t\000f\000o\000r\000m\000a\000\040\000M\000a\000p\000a\000\040\000T\000u\000r\000y\000s\000t\000y\000c\000z\000n\000a}{section.3}% 4
\BOOKMARK [2][-]{subsection.3.2}{\376\377\000P\000l\000a\000t\000f\000o\000r\000m\000a\000\040\000M\000a\000p\000y\000.\000c\000z}{section.3}% 5
\BOOKMARK [1][-]{section.4}{\376\377\000P\000r\000o\000j\000e\000k\000t\000\040\000a\000p\000l\000i\000k\000a\000c\000j\000i}{}% 6
\BOOKMARK [2][-]{subsection.4.1}{\376\377\000W\000y\000m\000a\000g\000a\000n\000i\000a\000\040\000f\000u\000n\000k\000c\000j\000o\000n\000a\000l\000n\000e}{section.4}% 7
\BOOKMARK [2][-]{subsection.4.2}{\376\377\000W\000y\000m\000a\000g\000a\000n\000i\000a\000\040\000n\000i\000e\000f\000u\000n\000k\000c\000j\000o\000n\000a\000l\000n\000e}{section.4}% 8
\BOOKMARK [2][-]{subsection.4.3}{\376\377\000D\000i\000a\000g\000r\000a\000m\000y\000\040\000p\000r\000z\000y\000p\000a\000d\000k\000\363\000w\000\040\000u\001\174\000y\000c\000i\000a}{section.4}% 9
\BOOKMARK [2][-]{subsection.4.4}{\376\377\000S\000c\000e\000n\000a\000r\000i\000u\000s\000z\000e}{section.4}% 10
\BOOKMARK [2][-]{subsection.4.5}{\376\377\000D\000i\000a\000g\000r\000a\000m\000\040\000k\000l\000a\000s}{section.4}% 11
\BOOKMARK [2][-]{subsection.4.6}{\376\377\000D\000i\000a\000g\000r\000a\000m\000\040\000E\000R\000D}{section.4}% 12
\BOOKMARK [2][-]{subsection.4.7}{\376\377\000P\000r\000o\000j\000e\000k\000t\000\040\000i\000n\000t\000e\000r\000f\000e\000j\000s\000u\000\040\000g\000r\000a\000f\000i\000c\000z\000n\000e\000g\000o}{section.4}% 13
\BOOKMARK [2][-]{subsection.4.8}{\376\377\000P\000r\000z\000e\000g\000l\001\005\000d\000\040\000n\000a\000r\000z\001\031\000d\000z\000i\000\040\000i\000m\000p\000l\000e\000m\000e\000n\000t\000a\000c\000y\000j\000n\000y\000c\000h}{section.4}% 14
\BOOKMARK [1][-]{section.5}{\376\377\000I\000m\000p\000l\000e\000m\000e\000n\000t\000a\000c\000j\000a}{}% 15
\BOOKMARK [2][-]{subsection.5.1}{\376\377\000M\000o\000d\000u\001\102\000\040\000m\000a\000p}{section.5}% 16
\BOOKMARK [2][-]{subsection.5.2}{\376\377\000M\000o\000d\000u\001\102\000\040\000z\000g\001\102\000o\000s\000z\000e\001\104}{section.5}% 17
\BOOKMARK [2][-]{subsection.5.3}{\376\377\000M\000o\000d\000u\001\102\000\040\000l\000o\000g\000o\000w\000a\000n\000i\000a\000\040\000i\000\040\000r\000e\000j\000e\000s\000t\000r\000a\000c\000j\000i}{section.5}% 18
\BOOKMARK [2][-]{subsection.5.4}{\376\377\000W\000i\000d\000o\000k\000i\000\040\000-\000\040\000u\001\174\000y\000t\000k\000o\000w\000n\000i\000k}{section.5}% 19
\BOOKMARK [2][-]{subsection.5.5}{\376\377\000W\000i\000d\000o\000k\000i\000\040\000-\000\040\000a\000d\000m\000i\000n\000i\000s\000t\000r\000a\000t\000o\000r}{section.5}% 20
\BOOKMARK [1][-]{section.6}{\376\377\000W\000n\000i\000o\000s\000k\000i}{}% 21
